<?xml version="1.0" encoding="UTF-8"?>
<testng-results ignored="0" total="4" passed="4" failed="0" skipped="0">
  <reporter-output>
  </reporter-output>
  <suite started-at="2025-01-24T18:33:34 IST" name="Demo Test Suite" finished-at="2025-01-24T18:33:34 IST" duration-ms="164">
    <groups>
    </groups>
    <test started-at="2025-01-24T18:33:34 IST" name="Demo Test" finished-at="2025-01-24T18:33:34 IST" duration-ms="46">
      <class name="org.qa.DemoTestSecond">
        <test-method is-config="true" signature="beforeTest()[pri:0, instance:org.qa.DemoTestSecond@358ee631]" started-at="2025-01-24T18:33:34 IST" name="beforeTest" finished-at="2025-01-24T18:33:34 IST" duration-ms="0" status="PASS">
          <reporter-output>
          </reporter-output>
        </test-method> <!-- beforeTest -->
        <test-method is-config="true" signature="beforeClass()[pri:0, instance:org.qa.DemoTestSecond@358ee631]" started-at="2025-01-24T18:33:34 IST" name="beforeClass" finished-at="2025-01-24T18:33:34 IST" duration-ms="0" status="PASS">
          <reporter-output>
          </reporter-output>
        </test-method> <!-- beforeClass -->
        <test-method signature="testCase1()[pri:0, instance:org.qa.DemoTestSecond@358ee631]" started-at="2025-01-24T18:33:34 IST" name="testCase1" finished-at="2025-01-24T18:33:34 IST" duration-ms="0" status="PASS">
          <reporter-output>
          </reporter-output>
        </test-method> <!-- testCase1 -->
        <test-method is-config="true" signature="beforeMethod()[pri:0, instance:org.qa.DemoTestSecond@358ee631]" started-at="2025-01-24T18:33:34 IST" name="beforeMethod" finished-at="2025-01-24T18:33:34 IST" duration-ms="0" status="PASS">
          <reporter-output>
          </reporter-output>
        </test-method> <!-- beforeMethod -->
        <test-method is-config="true" signature="afterMethod()[pri:0, instance:org.qa.DemoTestSecond@358ee631]" started-at="2025-01-24T18:33:34 IST" name="afterMethod" finished-at="2025-01-24T18:33:34 IST" duration-ms="0" status="PASS">
          <reporter-output>
          </reporter-output>
        </test-method> <!-- afterMethod -->
        <test-method signature="testCase2()[pri:0, instance:org.qa.DemoTestSecond@358ee631]" started-at="2025-01-24T18:33:34 IST" name="testCase2" finished-at="2025-01-24T18:33:34 IST" duration-ms="2" status="PASS">
          <reporter-output>
          </reporter-output>
        </test-method> <!-- testCase2 -->
        <test-method is-config="true" signature="beforeMethod()[pri:0, instance:org.qa.DemoTestSecond@358ee631]" started-at="2025-01-24T18:33:34 IST" name="beforeMethod" finished-at="2025-01-24T18:33:34 IST" duration-ms="0" status="PASS">
          <reporter-output>
          </reporter-output>
        </test-method> <!-- beforeMethod -->
        <test-method is-config="true" signature="afterMethod()[pri:0, instance:org.qa.DemoTestSecond@358ee631]" started-at="2025-01-24T18:33:34 IST" name="afterMethod" finished-at="2025-01-24T18:33:34 IST" duration-ms="1" status="PASS">
          <reporter-output>
          </reporter-output>
        </test-method> <!-- afterMethod -->
        <test-method is-config="true" signature="afterClass()[pri:0, instance:org.qa.DemoTestSecond@358ee631]" started-at="2025-01-24T18:33:34 IST" name="afterClass" finished-at="2025-01-24T18:33:34 IST" duration-ms="0" status="PASS">
          <reporter-output>
          </reporter-output>
        </test-method> <!-- afterClass -->
        <test-method is-config="true" signature="afterTest()[pri:0, instance:org.qa.DemoTestSecond@358ee631]" started-at="2025-01-24T18:33:34 IST" name="afterTest" finished-at="2025-01-24T18:33:34 IST" duration-ms="0" status="PASS">
          <reporter-output>
          </reporter-output>
        </test-method> <!-- afterTest -->
      </class> <!-- org.qa.DemoTestSecond -->
    </test> <!-- Demo Test -->
    <test started-at="2025-01-24T18:33:34 IST" name="Demo Test -2" finished-at="2025-01-24T18:33:34 IST" duration-ms="9">
      <class name="org.qa.DemoTestSecond">
        <test-method is-config="true" signature="beforeSuite()[pri:0, instance:org.qa.DemoTestSecond@778d1062]" started-at="2025-01-24T18:33:34 IST" name="beforeSuite" finished-at="2025-01-24T18:33:34 IST" duration-ms="31" status="PASS">
          <reporter-output>
          </reporter-output>
        </test-method> <!-- beforeSuite -->
        <test-method is-config="true" signature="beforeTest()[pri:0, instance:org.qa.DemoTestSecond@778d1062]" started-at="2025-01-24T18:33:34 IST" name="beforeTest" finished-at="2025-01-24T18:33:34 IST" duration-ms="3" status="PASS">
          <reporter-output>
          </reporter-output>
        </test-method> <!-- beforeTest -->
        <test-method signature="testCase1()[pri:0, instance:org.qa.DemoTestSecond@778d1062]" started-at="2025-01-24T18:33:34 IST" name="testCase1" finished-at="2025-01-24T18:33:34 IST" duration-ms="0" status="PASS">
          <reporter-output>
          </reporter-output>
        </test-method> <!-- testCase1 -->
        <test-method is-config="true" signature="beforeMethod()[pri:0, instance:org.qa.DemoTestSecond@778d1062]" started-at="2025-01-24T18:33:34 IST" name="beforeMethod" finished-at="2025-01-24T18:33:34 IST" duration-ms="0" status="PASS">
          <reporter-output>
          </reporter-output>
        </test-method> <!-- beforeMethod -->
        <test-method is-config="true" signature="afterMethod()[pri:0, instance:org.qa.DemoTestSecond@778d1062]" started-at="2025-01-24T18:33:34 IST" name="afterMethod" finished-at="2025-01-24T18:33:34 IST" duration-ms="0" status="PASS">
          <reporter-output>
          </reporter-output>
        </test-method> <!-- afterMethod -->
        <test-method is-config="true" signature="beforeClass()[pri:0, instance:org.qa.DemoTestSecond@778d1062]" started-at="2025-01-24T18:33:34 IST" name="beforeClass" finished-at="2025-01-24T18:33:34 IST" duration-ms="0" status="PASS">
          <reporter-output>
          </reporter-output>
        </test-method> <!-- beforeClass -->
        <test-method signature="testCase2()[pri:0, instance:org.qa.DemoTestSecond@778d1062]" started-at="2025-01-24T18:33:34 IST" name="testCase2" finished-at="2025-01-24T18:33:34 IST" duration-ms="0" status="PASS">
          <reporter-output>
          </reporter-output>
        </test-method> <!-- testCase2 -->
        <test-method is-config="true" signature="afterMethod()[pri:0, instance:org.qa.DemoTestSecond@778d1062]" started-at="2025-01-24T18:33:34 IST" name="afterMethod" finished-at="2025-01-24T18:33:34 IST" duration-ms="0" status="PASS">
          <reporter-output>
          </reporter-output>
        </test-method> <!-- afterMethod -->
        <test-method is-config="true" signature="afterClass()[pri:0, instance:org.qa.DemoTestSecond@778d1062]" started-at="2025-01-24T18:33:34 IST" name="afterClass" finished-at="2025-01-24T18:33:34 IST" duration-ms="0" status="PASS">
          <reporter-output>
          </reporter-output>
        </test-method> <!-- afterClass -->
        <test-method is-config="true" signature="beforeMethod()[pri:0, instance:org.qa.DemoTestSecond@778d1062]" started-at="2025-01-24T18:33:34 IST" name="beforeMethod" finished-at="2025-01-24T18:33:34 IST" duration-ms="0" status="PASS">
          <reporter-output>
          </reporter-output>
        </test-method> <!-- beforeMethod -->
        <test-method is-config="true" signature="afterTest()[pri:0, instance:org.qa.DemoTestSecond@778d1062]" started-at="2025-01-24T18:33:34 IST" name="afterTest" finished-at="2025-01-24T18:33:34 IST" duration-ms="0" status="PASS">
          <reporter-output>
          </reporter-output>
        </test-method> <!-- afterTest -->
        <test-method is-config="true" signature="afterSuite()[pri:0, instance:org.qa.DemoTestSecond@778d1062]" started-at="2025-01-24T18:33:34 IST" name="afterSuite" finished-at="2025-01-24T18:33:34 IST" duration-ms="0" status="PASS">
          <reporter-output>
          </reporter-output>
        </test-method> <!-- afterSuite -->
      </class> <!-- org.qa.DemoTestSecond -->
    </test> <!-- Demo Test -2 -->
  </suite> <!-- Demo Test Suite -->
</testng-results>
